Variation moments at various periodicities and respective positions for segments of length 10

Periodicity: 	2.0
1. 0.132000	2. 0.124000	3. 0.155000	4. 0.486000	5. 0.178000	6. 0.101000	7. 0.333000	8. 0.378000	9. 0.373000	
Periodicity: 	2.1
1. 0.480477	2. 0.468783	3. 0.629469	4. 0.699048	5. 0.348145	6. 0.714576	7. 0.454806	8. 0.606738	9. 0.517899	
Periodicity: 	2.2
1. 0.690185	2. 0.689204	3. 0.882237	4. 0.880511	5. 0.460424	6. 1.042470	7. 0.541394	8. 0.810302	9. 0.580666	
Periodicity: 	2.3
1. 0.635159	2. 0.667061	3. 0.741191	4. 0.817697	5. 0.397358	6. 0.940849	7. 0.468669	8. 0.795961	9. 0.386489	
Periodicity: 	2.4
1. 0.419024	2. 0.487560	3. 0.318672	4. 0.594983	5. 0.222509	6. 0.518615	7. 0.351457	8. 0.631679	9. 0.042404	
Periodicity: 	2.5
1. 0.303851	2. 0.311595	3. 0.292756	4. 0.445380	5. 0.141261	6. 0.073568	7. 0.422919	8. 0.463695	9. 0.461212	
Periodicity: 	2.6
1. 0.493122	2. 0.336571	3. 0.831857	4. 0.575929	5. 0.300880	6. 0.642725	7. 0.630435	8. 0.438926	9. 0.875207	
Periodicity: 	2.7
1. 0.711343	2. 0.463682	3. 1.271810	4. 0.789207	5. 0.438292	6. 1.119093	7. 0.809545	8. 0.516444	9. 1.175484	
Periodicity: 	2.8
1. 0.844928	2. 0.545426	3. 1.552183	4. 0.930255	5. 0.505642	6. 1.436687	7. 0.904139	8. 0.567408	9. 1.329318	
Periodicity: 	2.9
1. 0.884333	2. 0.562801	3. 1.662493	4. 0.966341	5. 0.516727	6. 1.581507	7. 0.907248	8. 0.544980	9. 1.336954	
Periodicity: 	3.0
1. 0.855036	2. 0.549083	3. 1.620316	4. 0.908973	5. 0.513112	6. 1.568577	7. 0.834444	8. 0.455682	9. 1.220238	
Periodicity: 	3.1
1. 0.801688	2. 0.561090	3. 1.458456	4. 0.790227	5. 0.547253	6. 1.429569	7. 0.713650	8. 0.339080	9. 1.012963	
Periodicity: 	3.2
1. 0.775945	2. 0.640356	3. 1.215761	4. 0.656687	5. 0.644803	6. 1.203848	7. 0.581723	8. 0.285703	9. 0.755471	
Periodicity: 	3.3
1. 0.812502	2. 0.778171	3. 0.931947	4. 0.568603	5. 0.788244	6. 0.934047	7. 0.484731	8. 0.377756	9. 0.499331	
Periodicity: 	3.4
1. 0.907019	2. 0.939119	3. 0.647865	4. 0.576340	5. 0.946116	6. 0.669025	7. 0.464981	8. 0.545558	9. 0.344606	
Periodicity: 	3.5
1. 1.029082	2. 1.092747	3. 0.418822	4. 0.668762	5. 1.094030	6. 0.481933	7. 0.520097	8. 0.719353	9. 0.415190	
Periodicity: 	3.6
1. 1.148628	2. 1.219826	3. 0.343697	4. 0.794191	5. 1.216870	6. 0.467910	7. 0.607626	8. 0.871100	9. 0.601173	
Periodicity: 	3.7
1. 1.245758	2. 1.309748	3. 0.441391	4. 0.913642	5. 1.306416	6. 0.598903	7. 0.692014	8. 0.988742	9. 0.786743	
Periodicity: 	3.8
1. 1.309689	2. 1.357797	3. 0.583834	4. 1.007474	5. 1.359228	6. 0.764988	7. 0.755251	8. 1.067222	9. 0.937951	
Periodicity: 	3.9
1. 1.335931	2. 1.363246	3. 0.705241	4. 1.067381	5. 1.375149	6. 0.912997	7. 0.789967	8. 1.105490	9. 1.045195	
Periodicity: 	4.0
1. 1.324087	2. 1.328038	3. 0.787977	4. 1.091159	5. 1.356244	6. 1.025489	7. 0.794330	8. 1.105051	9. 1.106804	
Periodicity: 	4.1
1. 1.276366	2. 1.255826	3. 0.828674	4. 1.080045	5. 1.306023	6. 1.097739	7. 0.769483	8. 1.069058	9. 1.124713	
Periodicity: 	4.2
1. 1.196579	2. 1.151271	3. 0.829049	4. 1.037302	5. 1.228891	6. 1.130187	7. 0.718210	8. 1.001668	9. 1.102772	
Periodicity: 	4.3
1. 1.089481	2. 1.019530	3. 0.793101	4. 0.967415	5. 1.129766	6. 1.125718	7. 0.644199	8. 0.907591	9. 1.045874	
Periodicity: 	4.4
1. 0.960365	2. 0.865897	3. 0.725992	4. 0.875662	5. 1.013867	6. 1.088428	7. 0.551628	8. 0.791785	9. 0.959429	
Periodicity: 	4.5
1. 0.814927	2. 0.695575	3. 0.633590	4. 0.768011	5. 0.886693	6. 1.022948	7. 0.445050	8. 0.659322	9. 0.849066	
Periodicity: 	4.6
1. 0.659524	2. 0.513615	3. 0.522547	4. 0.651456	5. 0.754254	6. 0.934045	7. 0.329824	8. 0.515536	9. 0.720553	
Periodicity: 	4.7
1. 0.502430	2. 0.325284	3. 0.401429	4. 0.535153	5. 0.623798	6. 0.826368	7. 0.214752	8. 0.366995	9. 0.580051	
Periodicity: 	4.8
1. 0.358451	2. 0.140450	3. 0.285487	4. 0.433120	5. 0.505455	6. 0.704303	7. 0.128834	8. 0.226742	9. 0.435296	
Periodicity: 	4.9
1. 0.264003	2. 0.098109	3. 0.213625	4. 0.368014	5. 0.415068	6. 0.571895	7. 0.153680	8. 0.146513	9. 0.300316	
Periodicity: 	5.0
1. 0.278872	2. 0.273093	3. 0.246069	4. 0.365028	5. 0.374296	6. 0.432852	7. 0.260266	8. 0.215267	9. 0.213739	


Maximum Conservation moment value is 	1.662493.
It occurs in 1 co-ordinates of (starting position, periodicity).
Corresponding starting positions, number of residues per turn, and the angular spread per residue in radian and degrees are:
3	2.900000	2.166616	124.137931
The second maximum conservation moment value is 	1.620316.
It last occurs at position 3 along the sequence, with periodicities,  3.000000 residues per turn, 2.094395 radians per residue, and 120.000000 degrees per residue.
Maximum Variability moment value is 	0.042404.
It occurs in 1 co-ordinates of (starting position, periodicity).
Corresponding starting positions, number of residues per turn, and the angular spread per residue in radian and degrees are:
9	2.400000	2.617994	150.000000
The second maximum variability moment value is 	0.073568.
It last occurs at position 6 along the sequence, with periodicities,  2.500000 residues per turn, 2.513274 radians per residue, and 144.000000 degrees per residue.

Conservation at helical periodicities
1	1.148628
2	1.219826
3	0.343697
4	0.794191
5	1.216870
6	0.467910
7	0.607626
8	0.871100
9	0.601173

Conservation with beta-structures
1	0.132000
2	0.124000
3	0.155000
4	0.486000
5	0.178000
6	0.101000
7	0.333000
8	0.378000
9	0.373000
