Variation moments at various periodicities and respective positions for segments of length 11

Periodicity: 	2.0
1. 0.358000	2. 0.172000	3. 0.321000	4. 0.385000	5. 0.403000	6. 0.293000	7. 0.433000	8. 0.402000	9. 0.299000	10. 0.435000	11. 0.352000	12. 0.586000	13. 0.152000	14. 0.666000	15. 0.249000	16. 0.544000	17. 0.216000	18. 0.473000	19. 0.227000	20. 0.315000	21. 0.163000	22. 0.361000	23. 0.331000	24. 0.433000	25. 0.491000	26. 0.258000	27. 0.561000	28. 0.163000	29. 0.394000	30. 0.344000	31. 0.261000	32. 0.214000	33. 0.506000	34. 0.338000	35. 0.583000	36. 0.432000	37. 0.317000	38. 0.585000	39. 0.245000	40. 0.615000	41. 0.429000	42. 0.659000	43. 0.570000	44. 0.803000	45. 0.800000	46. 0.478000	47. 1.033000	48. 0.012000	49. 0.811000	50. 0.025000	51. 1.242000	52. 0.392000	53. 1.617000	54. 0.492000	55. 1.577000	56. 0.068000	57. 1.293000	58. 0.095000	59. 0.969000	60. 0.236000	61. 1.014000	62. 0.058000	63. 0.617000	64. 0.330000	65. 0.566000	66. 0.229000	67. 1.159000	68. 0.191000	69. 1.075000	70. 0.166000	71. 0.919000	72. 0.064000	73. 0.816000	74. 0.063000	75. 0.959000	76. 0.079000	77. 0.692000	78. 0.666000	79. 0.139000	80. 0.621000	81. 0.077000	82. 0.794000	83. 0.140000	84. 0.636000	85. 0.071000	86. 0.703000	87. 0.036000	
Periodicity: 	2.1
1. 0.270271	2. 0.118404	3. 0.251775	4. 0.246975	5. 0.305081	6. 0.175961	7. 0.318542	8. 0.280792	9. 0.232505	10. 0.352480	11. 0.215989	12. 0.448736	13. 0.056247	14. 0.511477	15. 0.113221	16. 0.431727	17. 0.141303	18. 0.373538	19. 0.150047	20. 0.233148	21. 0.174239	22. 0.283953	23. 0.227420	24. 0.298927	25. 0.331116	26. 0.207483	27. 0.432733	28. 0.153259	29. 0.330227	30. 0.247371	31. 0.212190	32. 0.280917	33. 0.376169	34. 0.265170	35. 0.391615	36. 0.347728	37. 0.189323	38. 0.427431	39. 0.229370	40. 0.426471	41. 0.291944	42. 0.551965	43. 0.346353	44. 0.591566	45. 0.608931	46. 0.343868	47. 0.844293	48. 0.297683	49. 0.707585	50. 0.218612	51. 1.033397	52. 0.488234	53. 1.309329	54. 0.569934	55. 1.303700	56. 0.228337	57. 1.081131	58. 0.074093	59. 0.792733	60. 0.317315	61. 0.802630	62. 0.110439	63. 0.473801	64. 0.208863	65. 0.449699	66. 0.126836	67. 0.909977	68. 0.314719	69. 0.872813	70. 0.294830	71. 0.795053	72. 0.178956	73. 0.713058	74. 0.305176	75. 0.768365	76. 0.193933	77. 0.565472	78. 0.488277	79. 0.121803	80. 0.475823	81. 0.010651	82. 0.600093	83. 0.165977	84. 0.520009	85. 0.064786	86. 0.582248	87. 0.110013	
Periodicity: 	2.2
1. 0.193998	2. 0.014933	3. 0.184970	4. 0.057258	5. 0.126608	6. 0.086950	7. 0.075242	8. 0.174481	9. 0.191362	10. 0.250677	11. 0.176381	12. 0.156543	13. 0.153402	14. 0.188816	15. 0.175602	16. 0.216638	17. 0.176869	18. 0.243348	19. 0.029329	20. 0.126880	21. 0.190137	22. 0.167677	23. 0.042838	24. 0.042837	25. 0.088732	26. 0.156351	27. 0.273342	28. 0.258076	29. 0.211933	30. 0.268751	31. 0.125135	32. 0.395090	33. 0.149099	34. 0.220202	35. 0.067160	36. 0.195316	37. 0.111510	38. 0.138623	39. 0.226433	40. 0.139395	41. 0.137406	42. 0.408515	43. 0.177131	44. 0.138538	45. 0.456982	46. 0.256996	47. 0.608548	48. 0.569168	49. 0.518959	50. 0.563028	51. 0.579219	52. 0.633209	53. 0.628344	54. 0.669657	55. 0.701675	56. 0.559743	57. 0.652629	58. 0.430871	59. 0.430858	60. 0.432555	61. 0.412730	62. 0.220427	63. 0.203877	64. 0.095303	65. 0.253262	66. 0.170595	67. 0.465975	68. 0.469227	69. 0.454834	70. 0.526702	71. 0.532477	72. 0.548629	73. 0.525541	74. 0.565844	75. 0.490432	76. 0.325149	77. 0.455611	78. 0.105019	79. 0.204401	80. 0.154284	81. 0.162861	82. 0.195119	83. 0.340986	84. 0.268459	85. 0.285213	86. 0.342841	87. 0.259417	
Periodicity: 	2.3
1. 0.338627	2. 0.103707	3. 0.274834	4. 0.342150	5. 0.169106	6. 0.325301	7. 0.163952	8. 0.378592	9. 0.297872	10. 0.312981	11. 0.442760	12. 0.154864	13. 0.342597	14. 0.187316	15. 0.433501	16. 0.199276	17. 0.345480	18. 0.322170	19. 0.179766	20. 0.235221	21. 0.182743	22. 0.244190	23. 0.224240	24. 0.258466	25. 0.381830	26. 0.200985	27. 0.423171	28. 0.394529	29. 0.176628	30. 0.517158	31. 0.122683	32. 0.481829	33. 0.312906	34. 0.301536	35. 0.467900	36. 0.186469	37. 0.342048	38. 0.345395	39. 0.238364	40. 0.435556	41. 0.375390	42. 0.451637	43. 0.607934	44. 0.296134	45. 0.768165	46. 0.461400	47. 0.770991	48. 0.752213	49. 0.436118	50. 0.877983	51. 0.145601	52. 0.695961	53. 0.170846	54. 0.657793	55. 0.251083	56. 0.841990	57. 0.378185	58. 0.772258	59. 0.302394	60. 0.480077	61. 0.476836	62. 0.289943	63. 0.260622	64. 0.348955	65. 0.271042	66. 0.368598	67. 0.577544	68. 0.524375	69. 0.331522	70. 0.722145	71. 0.300428	72. 0.905355	73. 0.443397	74. 0.742230	75. 0.642295	76. 0.377978	77. 0.640317	78. 0.277806	79. 0.305538	80. 0.184784	81. 0.297039	82. 0.264836	83. 0.523777	84. 0.048822	85. 0.487207	86. 0.238047	87. 0.383589	
Periodicity: 	2.4
1. 0.463080	2. 0.163146	3. 0.352653	4. 0.510385	5. 0.251463	6. 0.463359	7. 0.294485	8. 0.512779	9. 0.370379	10. 0.382975	11. 0.585419	12. 0.322463	13. 0.438442	14. 0.368013	15. 0.551316	16. 0.310740	17. 0.428451	18. 0.408203	19. 0.274112	20. 0.336376	21. 0.145359	22. 0.371649	23. 0.348949	24. 0.390030	25. 0.577821	26. 0.228426	27. 0.580810	28. 0.444512	29. 0.222812	30. 0.697034	31. 0.182467	32. 0.515500	33. 0.539728	34. 0.310553	35. 0.751657	36. 0.282085	37. 0.444470	38. 0.582863	39. 0.219227	40. 0.642754	41. 0.537294	42. 0.527842	43. 0.834064	44. 0.538406	45. 1.023111	46. 0.562073	47. 0.990164	48. 0.796420	49. 0.465956	50. 1.036815	51. 0.192434	52. 0.647608	53. 0.631367	54. 0.501634	55. 0.570791	56. 0.942785	57. 0.391360	58. 0.966570	59. 0.510072	60. 0.444586	61. 0.770461	62. 0.266876	63. 0.428662	64. 0.520099	65. 0.363450	66. 0.448423	67. 0.908197	68. 0.457503	69. 0.598506	70. 0.808053	71. 0.206640	72. 1.102489	73. 0.476625	74. 0.793444	75. 0.904321	76. 0.332358	77. 0.833600	78. 0.506304	79. 0.315190	80. 0.421681	81. 0.344050	82. 0.499540	83. 0.601496	84. 0.150938	85. 0.570635	86. 0.313235	87. 0.422694	
Periodicity: 	2.5
1. 0.482072	2. 0.176875	3. 0.344061	4. 0.528233	5. 0.226249	6. 0.473337	7. 0.302126	8. 0.493967	9. 0.347499	10. 0.357712	11. 0.553151	12. 0.347904	13. 0.423458	14. 0.393510	15. 0.502903	16. 0.333068	17. 0.392381	18. 0.377570	19. 0.293470	20. 0.347759	21. 0.120623	22. 0.437862	23. 0.362687	24. 0.365241	25. 0.599149	26. 0.185768	27. 0.594001	28. 0.385459	29. 0.248425	30. 0.742716	31. 0.238016	32. 0.495804	33. 0.678896	34. 0.201303	35. 0.847048	36. 0.367010	37. 0.396637	38. 0.669773	39. 0.194634	40. 0.631616	41. 0.542243	42. 0.501465	43. 0.795997	44. 0.549074	45. 1.043279	46. 0.476637	47. 1.007580	48. 0.706791	49. 0.483278	50. 1.004034	51. 0.281744	52. 0.533651	53. 0.853475	54. 0.239934	55. 0.824203	56. 0.839492	57. 0.360604	58. 0.980204	59. 0.644268	60. 0.377723	61. 0.901311	62. 0.169299	63. 0.472697	64. 0.565744	65. 0.366519	66. 0.391247	67. 1.032622	68. 0.328311	69. 0.762510	70. 0.773657	71. 0.208748	72. 1.098573	73. 0.507172	74. 0.727824	75. 0.993833	76. 0.250973	77. 0.886465	78. 0.548234	79. 0.226605	80. 0.526050	81. 0.305020	82. 0.532602	83. 0.552525	84. 0.189614	85. 0.514920	86. 0.336882	87. 0.367011	
Periodicity: 	2.6
1. 0.405003	2. 0.173685	3. 0.258249	4. 0.423532	5. 0.108597	6. 0.378661	7. 0.218473	8. 0.343911	9. 0.243555	10. 0.245649	11. 0.376107	12. 0.253070	13. 0.322151	14. 0.289818	15. 0.323476	16. 0.264560	17. 0.261482	18. 0.241930	19. 0.263154	20. 0.279222	21. 0.177384	22. 0.439181	23. 0.289376	24. 0.218078	25. 0.474590	26. 0.085945	27. 0.470189	28. 0.248138	29. 0.239124	30. 0.674692	31. 0.301207	32. 0.436953	33. 0.748939	34. 0.164250	35. 0.780306	36. 0.459603	37. 0.279895	38. 0.619625	39. 0.256749	40. 0.435959	41. 0.414653	42. 0.392660	43. 0.550599	44. 0.373254	45. 0.862739	46. 0.286544	47. 0.816763	48. 0.536524	49. 0.455302	50. 0.811025	51. 0.254815	52. 0.461449	53. 0.819670	54. 0.183448	55. 0.889375	56. 0.592079	57. 0.260939	58. 0.851113	59. 0.658385	60. 0.384145	61. 0.850101	62. 0.167363	63. 0.427112	64. 0.503695	65. 0.327947	66. 0.263271	67. 0.944242	68. 0.324456	69. 0.776861	70. 0.656607	71. 0.264538	72. 0.924908	73. 0.507524	74. 0.597613	75. 0.895180	76. 0.302978	77. 0.814569	78. 0.439827	79. 0.145896	80. 0.512482	81. 0.244150	82. 0.398964	83. 0.409154	84. 0.133245	85. 0.353351	86. 0.270387	87. 0.241129	
Periodicity: 	2.7
1. 0.274014	2. 0.187205	3. 0.129211	4. 0.264588	5. 0.062167	6. 0.224493	7. 0.139904	8. 0.116853	9. 0.096356	10. 0.101980	11. 0.118620	12. 0.104636	13. 0.178582	14. 0.161243	15. 0.096262	16. 0.153543	17. 0.089699	18. 0.093399	19. 0.229434	20. 0.163855	21. 0.275279	22. 0.399205	23. 0.189372	24. 0.084127	25. 0.270146	26. 0.044161	27. 0.262433	28. 0.129349	29. 0.216295	30. 0.553533	31. 0.384698	32. 0.358682	33. 0.787311	34. 0.400546	35. 0.616165	36. 0.571735	37. 0.314145	38. 0.482130	39. 0.388104	40. 0.142398	41. 0.209225	42. 0.310695	43. 0.252512	44. 0.122843	45. 0.596062	46. 0.304218	47. 0.491157	48. 0.375331	49. 0.415355	50. 0.520352	51. 0.297952	52. 0.515052	53. 0.611838	54. 0.495547	55. 0.833985	56. 0.338700	57. 0.388624	58. 0.657095	59. 0.601361	60. 0.494598	61. 0.675398	62. 0.341815	63. 0.396220	64. 0.375860	65. 0.368421	66. 0.250853	67. 0.730550	68. 0.508921	69. 0.690371	70. 0.523709	71. 0.387546	72. 0.646971	73. 0.508271	74. 0.484342	75. 0.666761	76. 0.479659	77. 0.692209	78. 0.279068	79. 0.281278	80. 0.422000	81. 0.272574	82. 0.223876	83. 0.237415	84. 0.028609	85. 0.171369	86. 0.165786	87. 0.083918	
Periodicity: 	2.8
1. 0.164849	2. 0.219395	3. 0.030580	4. 0.199098	5. 0.237366	6. 0.058963	7. 0.218131	8. 0.141315	9. 0.062287	10. 0.130634	11. 0.177994	12. 0.153619	13. 0.063627	14. 0.242529	15. 0.225505	16. 0.105074	17. 0.134929	18. 0.227154	19. 0.231415	20. 0.053632	21. 0.367025	22. 0.347607	23. 0.175785	24. 0.272573	25. 0.122561	26. 0.163132	27. 0.090448	28. 0.223691	29. 0.199726	30. 0.461461	31. 0.479690	32. 0.280859	33. 0.815995	34. 0.664973	35. 0.434086	36. 0.681688	37. 0.522632	38. 0.319245	39. 0.517364	40. 0.238901	41. 0.031716	42. 0.367257	43. 0.373533	44. 0.263875	45. 0.432769	46. 0.573149	47. 0.121431	48. 0.333738	49. 0.400997	50. 0.197856	51. 0.478655	52. 0.631070	53. 0.337936	54. 0.783413	55. 0.745238	56. 0.366883	57. 0.688468	58. 0.497132	59. 0.535941	60. 0.629535	61. 0.455315	62. 0.526243	63. 0.464566	64. 0.230839	65. 0.502794	66. 0.412782	67. 0.519195	68. 0.714912	69. 0.567671	70. 0.450378	71. 0.539355	72. 0.335008	73. 0.529499	74. 0.462048	75. 0.384145	76. 0.652407	77. 0.603360	78. 0.273453	79. 0.479520	80. 0.301626	81. 0.385896	82. 0.309001	83. 0.172458	84. 0.116488	85. 0.221983	86. 0.159981	87. 0.072359	
Periodicity: 	2.9
1. 0.198129	2. 0.248525	3. 0.136586	4. 0.319247	5. 0.387267	6. 0.092101	7. 0.349479	8. 0.369408	9. 0.191214	10. 0.263318	11. 0.430677	12. 0.319304	13. 0.128241	14. 0.420961	15. 0.453549	16. 0.179053	17. 0.294835	18. 0.417171	19. 0.260895	20. 0.109973	21. 0.433955	22. 0.308343	23. 0.263790	24. 0.472441	25. 0.255984	26. 0.254771	27. 0.252658	28. 0.374350	29. 0.189889	30. 0.462061	31. 0.569212	32. 0.222652	33. 0.833459	34. 0.880909	35. 0.321448	36. 0.760566	37. 0.738531	38. 0.207772	39. 0.606979	40. 0.544991	41. 0.226352	42. 0.488378	43. 0.702468	44. 0.526979	45. 0.520563	46. 0.829482	47. 0.236706	48. 0.402270	49. 0.414044	50. 0.103146	51. 0.677164	52. 0.718421	53. 0.203475	54. 0.993061	55. 0.686657	56. 0.592328	57. 0.974127	58. 0.456442	59. 0.503237	60. 0.728416	61. 0.279969	62. 0.665949	63. 0.589972	64. 0.127588	65. 0.646484	66. 0.582354	67. 0.456677	68. 0.862322	69. 0.463412	70. 0.465261	71. 0.673675	72. 0.062252	73. 0.557179	74. 0.517401	75. 0.141991	76. 0.765399	77. 0.587404	78. 0.444586	79. 0.646797	80. 0.195066	81. 0.500215	82. 0.545815	83. 0.271148	84. 0.231492	85. 0.412797	86. 0.270342	87. 0.193014	
Periodicity: 	3.0
1. 0.304816	2. 0.259139	3. 0.220363	4. 0.460973	5. 0.491163	6. 0.191504	7. 0.451059	8. 0.547344	9. 0.281705	10. 0.359307	11. 0.624410	12. 0.449833	13. 0.203164	14. 0.564713	15. 0.622913	16. 0.247644	17. 0.413206	18. 0.563830	19. 0.285207	20. 0.198025	21. 0.470068	22. 0.290005	23. 0.351469	24. 0.614772	25. 0.408159	26. 0.305374	27. 0.434294	28. 0.487375	29. 0.173282	30. 0.531065	31. 0.640004	32. 0.201343	33. 0.826662	34. 1.019448	35. 0.323993	36. 0.789947	37. 0.897511	38. 0.217678	39. 0.641828	40. 0.785223	41. 0.380191	42. 0.578627	43. 0.962579	44. 0.716598	45. 0.685831	46. 0.999797	47. 0.511301	48. 0.469979	49. 0.428403	50. 0.347627	51. 0.824642	52. 0.736427	53. 0.372187	54. 1.108983	55. 0.667837	56. 0.778237	57. 1.177802	58. 0.508437	59. 0.500527	60. 0.766962	61. 0.249755	62. 0.741789	63. 0.700257	64. 0.133975	65. 0.746157	66. 0.694613	67. 0.543310	68. 0.925394	69. 0.401958	70. 0.518791	71. 0.762049	72. 0.200537	73. 0.564755	74. 0.580361	75. 0.206012	76. 0.799300	77. 0.610001	78. 0.614148	79. 0.755999	80. 0.139071	81. 0.575273	82. 0.747626	83. 0.369660	84. 0.313815	85. 0.572367	86. 0.375559	87. 0.267562	
Periodicity: 	3.1
1. 0.395020	2. 0.248263	3. 0.262820	4. 0.559014	5. 0.541772	6. 0.237577	7. 0.503603	8. 0.660210	9. 0.327473	10. 0.403272	11. 0.742287	12. 0.525716	13. 0.231148	14. 0.645885	15. 0.717185	16. 0.273246	17. 0.478421	18. 0.650789	19. 0.285280	20. 0.255032	21. 0.476746	22. 0.284805	23. 0.401371	24. 0.684552	25. 0.497392	26. 0.312481	27. 0.559563	28. 0.547022	29. 0.138758	30. 0.604442	31. 0.685248	32. 0.219979	33. 0.784782	34. 1.071978	35. 0.372463	36. 0.764387	37. 0.979503	38. 0.281158	39. 0.620410	40. 0.934637	41. 0.472588	42. 0.604994	43. 1.111218	44. 0.810185	45. 0.789403	46. 1.064636	47. 0.690220	48. 0.486370	49. 0.422884	50. 0.518323	51. 0.895457	52. 0.676969	53. 0.550819	54. 1.132809	55. 0.656505	56. 0.871702	57. 1.274822	58. 0.562342	59. 0.498743	60. 0.741242	61. 0.313246	62. 0.750291	63. 0.760037	64. 0.179720	65. 0.781995	66. 0.732913	67. 0.640402	68. 0.901588	69. 0.368574	70. 0.557339	71. 0.792409	72. 0.354921	73. 0.534808	74. 0.608570	75. 0.364032	76. 0.753390	77. 0.618375	78. 0.725339	79. 0.799397	80. 0.133411	81. 0.599367	82. 0.873277	83. 0.416407	84. 0.356723	85. 0.673292	86. 0.440341	87. 0.291055	
Periodicity: 	3.2
1. 0.450305	2. 0.223502	3. 0.265346	4. 0.601225	5. 0.542003	6. 0.230505	7. 0.505785	8. 0.706369	9. 0.333279	10. 0.397208	11. 0.782776	12. 0.545397	13. 0.211068	14. 0.660479	15. 0.736527	16. 0.253400	17. 0.492657	18. 0.676581	19. 0.256770	20. 0.279991	21. 0.460106	22. 0.280046	23. 0.406211	24. 0.681488	25. 0.515827	26. 0.281676	27. 0.621234	28. 0.554309	29. 0.084475	30. 0.646214	31. 0.703560	32. 0.263347	33. 0.704712	34. 1.043573	35. 0.400333	36. 0.688599	37. 0.983431	38. 0.326582	39. 0.550072	40. 0.989525	41. 0.505202	42. 0.563527	43. 1.144166	44. 0.808997	45. 0.798119	46. 1.026794	47. 0.768641	48. 0.444388	49. 0.392617	50. 0.612136	51. 0.886560	52. 0.548759	53. 0.662358	54. 1.077073	55. 0.619696	56. 0.869483	57. 1.264233	58. 0.571472	59. 0.474672	60. 0.658474	61. 0.356491	62. 0.698020	63. 0.759554	64. 0.199492	65. 0.752661	66. 0.699274	67. 0.678220	68. 0.801224	69. 0.333788	70. 0.558483	71. 0.764617	72. 0.431775	73. 0.462779	74. 0.590519	75. 0.461492	76. 0.638032	77. 0.586617	78. 0.766940	79. 0.780303	80. 0.134700	81. 0.574701	82. 0.914827	83. 0.407192	84. 0.364611	85. 0.712837	86. 0.458532	87. 0.267694	
Periodicity: 	3.3
1. 0.470962	2. 0.202467	3. 0.236062	4. 0.590311	5. 0.502148	6. 0.178269	7. 0.465070	8. 0.692667	9. 0.312000	10. 0.352086	11. 0.753894	12. 0.516340	13. 0.150295	14. 0.615337	15. 0.690481	16. 0.197104	17. 0.465824	18. 0.647844	19. 0.203982	20. 0.280750	21. 0.429085	22. 0.267882	23. 0.369204	24. 0.614139	25. 0.469740	26. 0.225523	27. 0.623665	28. 0.518620	29. 0.037747	30. 0.645581	31. 0.697229	32. 0.316022	33. 0.590485	34. 0.948021	35. 0.392410	36. 0.574060	37. 0.918629	38. 0.341065	39. 0.443958	40. 0.958454	41. 0.489662	42. 0.463240	43. 1.074138	44. 0.728436	45. 0.715504	46. 0.901496	47. 0.756590	48. 0.354866	49. 0.346786	50. 0.635704	51. 0.808742	52. 0.369981	53. 0.704988	54. 0.960411	55. 0.542581	56. 0.787378	57. 1.160259	58. 0.526386	59. 0.420304	60. 0.531582	61. 0.348465	62. 0.597806	63. 0.702592	64. 0.185932	65. 0.667201	66. 0.605704	67. 0.643765	68. 0.641535	69. 0.281213	70. 0.519705	71. 0.686287	72. 0.438136	73. 0.353335	74. 0.530421	75. 0.493264	76. 0.469652	77. 0.515476	78. 0.743844	79. 0.708558	80. 0.122157	81. 0.511367	82. 0.878556	83. 0.351779	84. 0.350540	85. 0.697886	86. 0.434365	87. 0.208671	
Periodicity: 	3.4
1. 0.463786	2. 0.207990	3. 0.189215	4. 0.535265	5. 0.438109	6. 0.096105	7. 0.394356	8. 0.630830	9. 0.283924	10. 0.287068	11. 0.669093	12. 0.451682	13. 0.059728	14. 0.522990	15. 0.593850	16. 0.126537	17. 0.413184	18. 0.575594	19. 0.137969	20. 0.270444	21. 0.393908	22. 0.246622	23. 0.298313	24. 0.495854	25. 0.371620	26. 0.167565	27. 0.576859	28. 0.454898	29. 0.102099	30. 0.604149	31. 0.670617	32. 0.369144	33. 0.450741	34. 0.804074	35. 0.359469	36. 0.437006	37. 0.799731	38. 0.332721	39. 0.320660	40. 0.856919	41. 0.445034	42. 0.318989	43. 0.922698	44. 0.594178	45. 0.559226	46. 0.710200	47. 0.672989	48. 0.241414	49. 0.305964	50. 0.601334	51. 0.682057	52. 0.173505	53. 0.694291	54. 0.804056	55. 0.425576	56. 0.653847	57. 0.986891	58. 0.433832	59. 0.338633	60. 0.375669	61. 0.291023	62. 0.466550	63. 0.599865	64. 0.147411	65. 0.540389	66. 0.470092	67. 0.546290	68. 0.442906	69. 0.213445	70. 0.447672	71. 0.569458	72. 0.390534	73. 0.216552	74. 0.439890	75. 0.470166	76. 0.267769	77. 0.426222	78. 0.668960	79. 0.597178	80. 0.106358	81. 0.424698	82. 0.778100	83. 0.269323	84. 0.334202	85. 0.640192	86. 0.377477	87. 0.136847	
Periodicity: 	3.5
1. 0.438395	2. 0.248182	3. 0.149694	4. 0.447632	5. 0.371371	6. 0.062147	7. 0.311495	8. 0.534772	9. 0.274299	10. 0.234268	11. 0.544213	12. 0.369092	13. 0.050964	14. 0.398690	15. 0.464184	16. 0.110879	17. 0.354702	18. 0.472643	19. 0.088018	20. 0.264964	21. 0.364436	22. 0.218771	23. 0.203664	24. 0.341738	25. 0.236386	26. 0.152893	27. 0.493257	28. 0.383264	29. 0.198937	30. 0.529074	31. 0.628959	32. 0.417660	33. 0.296539	34. 0.633571	35. 0.326899	36. 0.300724	37. 0.643175	38. 0.317876	39. 0.213004	40. 0.703345	41. 0.396846	42. 0.147640	43. 0.715438	44. 0.445090	45. 0.353619	46. 0.476585	47. 0.542518	48. 0.163178	49. 0.296316	50. 0.523840	51. 0.535584	52. 0.151893	53. 0.653979	54. 0.629997	55. 0.277604	56. 0.513863	57. 0.776271	58. 0.307395	59. 0.239074	60. 0.206204	61. 0.196305	62. 0.326628	63. 0.465313	64. 0.104366	65. 0.390887	66. 0.316668	67. 0.405509	68. 0.229276	69. 0.156249	70. 0.352848	71. 0.428595	72. 0.314582	73. 0.070412	74. 0.334681	75. 0.408623	76. 0.070757	77. 0.362981	78. 0.559705	79. 0.459982	80. 0.118318	81. 0.335668	82. 0.630199	83. 0.196840	84. 0.336646	85. 0.553710	86. 0.301097	87. 0.118346	
Periodicity: 	3.6
1. 0.405359	2. 0.309844	3. 0.153653	4. 0.339420	5. 0.328988	6. 0.167372	7. 0.242982	8. 0.419024	9. 0.299912	10. 0.236706	11. 0.395801	12. 0.292753	13. 0.167725	14. 0.259966	15. 0.322074	16. 0.192997	17. 0.314510	18. 0.352064	19. 0.114331	20. 0.277117	21. 0.347838	22. 0.189315	23. 0.098048	24. 0.166585	25. 0.079457	26. 0.205195	27. 0.385637	28. 0.330023	29. 0.299576	30. 0.429654	31. 0.577563	32. 0.458269	33. 0.142266	34. 0.463185	35. 0.326434	36. 0.211358	37. 0.464918	38. 0.314840	39. 0.191624	40. 0.516359	41. 0.373978	42. 0.041750	43. 0.480668	44. 0.350393	45. 0.140848	46. 0.226699	47. 0.397443	48. 0.219460	49. 0.329624	50. 0.418490	51. 0.414997	52. 0.357879	53. 0.611433	54. 0.461629	55. 0.112676	56. 0.441698	57. 0.575302	58. 0.166643	59. 0.138167	60. 0.050066	61. 0.087493	62. 0.219840	63. 0.314832	64. 0.102179	65. 0.246292	66. 0.194882	67. 0.254476	68. 0.094029	69. 0.164576	70. 0.247370	71. 0.281530	72. 0.254023	73. 0.111992	74. 0.236433	75. 0.328723	76. 0.195212	77. 0.380678	78. 0.437567	79. 0.310182	80. 0.168448	81. 0.274301	82. 0.451895	83. 0.201189	84. 0.368526	85. 0.453278	86. 0.223542	87. 0.197833	
Periodicity: 	3.7
1. 0.374735	2. 0.377236	3. 0.204730	4. 0.222188	5. 0.333180	6. 0.291442	7. 0.224961	8. 0.298844	9. 0.355067	10. 0.300764	11. 0.242362	12. 0.255674	13. 0.283334	14. 0.137626	15. 0.201544	16. 0.302358	17. 0.312767	18. 0.227313	19. 0.187937	20. 0.309295	21. 0.346127	22. 0.164671	23. 0.052715	24. 0.016399	25. 0.089477	26. 0.286943	27. 0.265895	28. 0.321473	29. 0.396603	30. 0.315739	31. 0.521363	32. 0.488717	33. 0.067976	34. 0.334633	35. 0.372944	36. 0.234106	37. 0.279079	38. 0.334930	39. 0.274900	40. 0.313402	41. 0.394526	42. 0.220101	43. 0.261442	44. 0.390506	45. 0.186476	46. 0.093950	47. 0.292134	48. 0.350604	49. 0.391743	50. 0.300331	51. 0.386492	52. 0.574793	53. 0.591512	54. 0.329021	55. 0.077185	56. 0.502704	57. 0.465178	58. 0.086973	59. 0.088990	60. 0.141512	61. 0.097413	62. 0.223318	63. 0.172361	64. 0.156214	65. 0.175459	66. 0.215615	67. 0.184606	68. 0.254325	69. 0.240414	70. 0.147296	71. 0.164301	72. 0.269667	73. 0.265341	74. 0.181605	75. 0.256271	76. 0.404447	77. 0.481402	78. 0.332376	79. 0.160679	80. 0.236562	81. 0.271647	82. 0.258848	83. 0.289072	84. 0.423794	85. 0.354780	86. 0.175219	87. 0.308668	
Periodicity: 	3.8
1. 0.354281	2. 0.440218	3. 0.273375	4. 0.109102	5. 0.380562	6. 0.411574	7. 0.267737	8. 0.194792	9. 0.422658	10. 0.392005	11. 0.124488	12. 0.278915	13. 0.390098	14. 0.134676	15. 0.180494	16. 0.409533	17. 0.348879	18. 0.119652	19. 0.265879	20. 0.354335	21. 0.355905	22. 0.151157	23. 0.152085	24. 0.196225	25. 0.253156	26. 0.369852	27. 0.144883	28. 0.361606	29. 0.485132	30. 0.198020	31. 0.464746	32. 0.507608	33. 0.186264	34. 0.310058	35. 0.452120	36. 0.331650	37. 0.097279	38. 0.375931	39. 0.388452	40. 0.114005	41. 0.451414	42. 0.388991	43. 0.205745	44. 0.531025	45. 0.414367	46. 0.308107	47. 0.303565	48. 0.487156	49. 0.461725	50. 0.186780	51. 0.469714	52. 0.772744	53. 0.606601	54. 0.273449	55. 0.243893	56. 0.659942	57. 0.521778	58. 0.196442	59. 0.151230	60. 0.286224	61. 0.223811	62. 0.323602	63. 0.123936	64. 0.227900	65. 0.247822	66. 0.345801	67. 0.289078	68. 0.445769	69. 0.335775	70. 0.094227	71. 0.170717	72. 0.364291	73. 0.410943	74. 0.202338	75. 0.224530	76. 0.597003	77. 0.620314	78. 0.287488	79. 0.050089	80. 0.306822	81. 0.323221	82. 0.065300	83. 0.403245	84. 0.488694	85. 0.276836	86. 0.188900	87. 0.419872	
Periodicity: 	3.9
1. 0.347410	2. 0.493032	3. 0.340762	4. 0.057655	5. 0.448856	6. 0.519989	7. 0.339835	8. 0.147641	9. 0.488730	10. 0.484843	11. 0.159711	12. 0.342567	13. 0.482595	14. 0.242160	15. 0.269505	16. 0.504444	17. 0.404510	18. 0.101871	19. 0.336139	20. 0.402907	21. 0.371072	22. 0.151682	23. 0.258592	24. 0.364340	25. 0.406307	26. 0.442274	27. 0.042238	28. 0.429377	29. 0.561760	30. 0.097624	31. 0.411568	32. 0.514328	33. 0.311455	34. 0.390028	35. 0.541927	36. 0.438986	37. 0.071550	38. 0.427194	39. 0.496578	40. 0.109981	41. 0.524101	42. 0.537331	43. 0.371429	44. 0.695553	45. 0.635982	46. 0.528687	47. 0.413992	48. 0.608486	49. 0.525205	50. 0.115691	51. 0.607025	52. 0.942191	53. 0.651254	54. 0.304693	55. 0.403849	56. 0.846696	57. 0.690383	58. 0.336414	59. 0.238628	60. 0.411023	61. 0.353376	62. 0.444316	63. 0.225247	64. 0.297518	65. 0.372428	66. 0.488279	67. 0.451150	68. 0.615019	69. 0.426799	70. 0.137948	71. 0.278363	72. 0.490207	73. 0.540410	74. 0.266106	75. 0.249601	76. 0.763644	77. 0.763888	78. 0.325692	79. 0.136935	80. 0.370628	81. 0.396527	82. 0.123423	83. 0.514438	84. 0.551250	85. 0.239752	86. 0.248283	87. 0.521095	
Periodicity: 	4.0
1. 0.352460	2. 0.532617	3. 0.398530	4. 0.134617	5. 0.518975	6. 0.612004	7. 0.414366	8. 0.184290	9. 0.544837	10. 0.567070	11. 0.278184	12. 0.416687	13. 0.557262	14. 0.356152	15. 0.381612	16. 0.582016	17. 0.462158	18. 0.179572	19. 0.394231	20. 0.447837	21. 0.385862	22. 0.163466	23. 0.355617	24. 0.514538	25. 0.542079	26. 0.498955	27. 0.091025	28. 0.503257	29. 0.624325	30. 0.101836	31. 0.365245	32. 0.508977	33. 0.418632	34. 0.505533	35. 0.626939	36. 0.532741	37. 0.221032	38. 0.478086	39. 0.587987	40. 0.284022	41. 0.595506	42. 0.659601	43. 0.564917	44. 0.848159	45. 0.831287	46. 0.720713	47. 0.548735	48. 0.706558	49. 0.574218	50. 0.146825	51. 0.751000	52. 1.078338	53. 0.709614	54. 0.372177	55. 0.546672	56. 1.027672	57. 0.886282	58. 0.464711	59. 0.316194	60. 0.510955	61. 0.471177	62. 0.555748	63. 0.350040	64. 0.357465	65. 0.492593	66. 0.615241	67. 0.608716	68. 0.753899	69. 0.503575	70. 0.211289	71. 0.397150	72. 0.618027	73. 0.649729	74. 0.333050	75. 0.306474	76. 0.899985	77. 0.895018	78. 0.411099	79. 0.248457	80. 0.423025	81. 0.468529	82. 0.292255	83. 0.611156	84. 0.603568	85. 0.249113	86. 0.318695	87. 0.607321	
Periodicity: 	4.1
1. 0.364506	2. 0.557651	3. 0.442809	4. 0.218405	5. 0.580065	6. 0.684879	7. 0.478935	8. 0.252894	9. 0.586396	10. 0.632911	11. 0.393474	12. 0.484510	13. 0.612129	14. 0.454566	15. 0.483135	16. 0.639620	17. 0.511325	18. 0.263704	19. 0.438172	20. 0.484626	21. 0.396221	22. 0.180869	23. 0.439219	24. 0.642726	25. 0.656200	26. 0.537535	27. 0.178603	28. 0.570567	29. 0.671708	30. 0.191837	31. 0.328793	32. 0.492275	33. 0.503819	34. 0.616149	35. 0.698280	36. 0.605283	37. 0.347082	38. 0.521198	39. 0.658536	40. 0.441931	41. 0.655440	42. 0.752745	43. 0.735785	44. 0.974263	45. 0.992609	46. 0.877424	47. 0.673036	48. 0.777822	49. 0.604831	50. 0.224909	51. 0.880312	52. 1.179182	53. 0.766058	54. 0.435763	55. 0.668145	56. 1.186976	57. 1.070506	58. 0.573413	59. 0.376299	60. 0.584311	61. 0.571426	62. 0.648461	63. 0.462640	64. 0.404139	65. 0.593625	66. 0.718116	67. 0.745204	68. 0.859384	69. 0.561285	70. 0.277678	71. 0.503612	72. 0.734549	73. 0.736931	74. 0.387531	75. 0.366652	76. 1.004197	77. 1.005122	78. 0.504827	79. 0.342435	80. 0.461204	81. 0.528481	82. 0.439517	83. 0.688179	84. 0.641095	85. 0.284999	86. 0.383525	87. 0.675961	
Periodicity: 	4.2
1. 0.378170	2. 0.567992	3. 0.471955	4. 0.287945	5. 0.626727	6. 0.737369	7. 0.528314	8. 0.317475	9. 0.611279	10. 0.679798	11. 0.490751	12. 0.538487	13. 0.646535	14. 0.531933	15. 0.564749	16. 0.676253	17. 0.546695	18. 0.334389	19. 0.467343	20. 0.510840	21. 0.399865	22. 0.199228	23. 0.507550	24. 0.746598	25. 0.746292	26. 0.557355	27. 0.251147	28. 0.624945	29. 0.703637	30. 0.285270	31. 0.304591	32. 0.465485	33. 0.565857	34. 0.707258	35. 0.751274	36. 0.654148	37. 0.447529	38. 0.552161	39. 0.706978	40. 0.574899	41. 0.698670	42. 0.815657	43. 0.872956	44. 1.067700	45. 1.116276	46. 0.996204	47. 0.774193	48. 0.821210	49. 0.615602	50. 0.300387	51. 0.985858	52. 1.244720	53. 0.809631	54. 0.480303	55. 0.766401	56. 1.317368	57. 1.227582	58. 0.659368	59. 0.416391	60. 0.631066	61. 0.651080	62. 0.719156	63. 0.555771	64. 0.435903	65. 0.670816	66. 0.793769	67. 0.854201	68. 0.930882	69. 0.597707	70. 0.329720	71. 0.591681	72. 0.833474	73. 0.801573	74. 0.424515	75. 0.415941	76. 1.076337	77. 1.090098	78. 0.588623	79. 0.415468	80. 0.483840	81. 0.571865	82. 0.561678	83. 0.743242	84. 0.661620	85. 0.325098	86. 0.436374	87. 0.725972	
Periodicity: 	4.3
1. 0.389336	2. 0.564328	3. 0.485653	4. 0.340337	5. 0.656662	6. 0.769379	7. 0.560572	8. 0.367544	9. 0.618941	10. 0.707018	11. 0.566337	12. 0.575518	13. 0.660834	14. 0.586600	15. 0.623514	16. 0.692088	17. 0.566020	18. 0.387776	19. 0.482036	20. 0.525492	21. 0.395886	22. 0.215890	23. 0.559930	24. 0.825301	25. 0.811494	26. 0.558888	27. 0.305561	28. 0.663555	29. 0.720499	30. 0.368739	31. 0.293820	32. 0.430353	33. 0.604977	34. 0.773854	35. 0.783883	36. 0.679194	37. 0.521737	38. 0.568818	39. 0.733626	40. 0.680708	41. 0.723075	42. 0.848758	43. 0.973082	44. 1.126417	45. 1.201197	46. 1.076796	47. 0.847427	48. 0.837293	49. 0.606689	50. 0.362256	51. 1.064017	52. 1.276401	53. 0.833984	54. 0.501709	55. 0.841361	56. 1.416029	57. 1.351303	58. 0.721547	59. 0.435907	60. 0.652376	61. 0.708870	62. 0.767119	63. 0.627264	64. 0.452370	65. 0.722887	66. 0.841577	67. 0.933164	68. 0.969418	69. 0.612280	70. 0.365882	71. 0.659618	72. 0.911881	73. 0.844401	74. 0.443078	75. 0.448605	76. 1.117870	77. 1.148531	78. 0.655094	79. 0.467060	80. 0.490691	81. 0.597220	82. 0.657234	83. 0.775842	84. 0.664530	85. 0.357440	86. 0.474897	87. 0.757402	
Periodicity: 	4.4
1. 0.395532	2. 0.547926	3. 0.484454	4. 0.375126	5. 0.669375	6. 0.781674	7. 0.575518	8. 0.400245	9. 0.609887	10. 0.715038	11. 0.619462	12. 0.594792	13. 0.656135	14. 0.618616	15. 0.658993	16. 0.688141	17. 0.568860	18. 0.423250	19. 0.483181	20. 0.528586	21. 0.384347	22. 0.229763	23. 0.596514	24. 0.879108	25. 0.852122	26. 0.543399	27. 0.341484	28. 0.685567	29. 0.723164	30. 0.439375	31. 0.295936	32. 0.389137	33. 0.622331	34. 0.814848	35. 0.795813	36. 0.681565	37. 0.570249	38. 0.570515	39. 0.739741	40. 0.759079	41. 0.728512	42. 0.853606	43. 1.035938	44. 1.150767	45. 1.248145	46. 1.120598	47. 0.891551	48. 0.827764	49. 0.579296	50. 0.408174	51. 1.114027	52. 1.276687	53. 0.836163	54. 0.500555	55. 0.894371	56. 1.482754	57. 1.439796	58. 0.760305	59. 0.435461	60. 0.650247	61. 0.744842	62. 0.793038	63. 0.676885	64. 0.454026	65. 0.750281	66. 0.862417	67. 0.981752	68. 0.977132	69. 0.605590	70. 0.386645	71. 0.707486	72. 0.968837	73. 0.867058	74. 0.444398	75. 0.462974	76. 1.131294	77. 1.180766	78. 0.701540	79. 0.497900	80. 0.482305	81. 0.604751	82. 0.726086	83. 0.786637	84. 0.650289	85. 0.377153	86. 0.498665	87. 0.771083	
Periodicity: 	4.5
1. 0.395693	2. 0.520466	3. 0.469491	4. 0.392872	5. 0.665459	6. 0.775639	7. 0.573987	8. 0.415325	9. 0.585305	10. 0.705095	11. 0.650711	12. 0.596795	13. 0.634072	14. 0.629046	15. 0.672068	16. 0.666003	17. 0.555883	18. 0.441475	19. 0.472148	20. 0.520805	21. 0.365980	22. 0.240749	23. 0.618060	24. 0.909121	25. 0.869377	26. 0.512727	27. 0.359636	28. 0.691358	29. 0.712835	30. 0.496482	31. 0.308829	32. 0.344735	33. 0.619706	34. 0.831078	35. 0.787943	36. 0.663178	37. 0.594463	38. 0.557613	39. 0.727165	40. 0.810945	41. 0.716142	42. 0.832570	43. 1.063077	44. 1.142625	45. 1.259236	46. 1.130170	47. 0.907372	48. 0.795067	49. 0.535303	50. 0.438376	51. 1.136797	52. 1.248705	53. 0.815522	54. 0.479985	55. 0.927893	56. 1.519005	57. 1.493573	58. 0.776977	59. 0.416444	60. 0.627277	61. 0.760020	62. 0.798433	63. 0.705473	64. 0.441972	65. 0.754473	66. 0.858121	67. 1.001067	68. 0.956920	69. 0.579017	70. 0.393597	71. 0.736343	72. 1.004694	73. 0.871851	74. 0.431065	75. 0.459630	76. 1.119842	77. 1.188333	78. 0.727544	79. 0.509394	80. 0.459787	81. 0.595655	82. 0.769169	83. 0.777056	84. 0.620077	85. 0.382865	86. 0.508334	87. 0.768385	
Periodicity: 	4.6
1. 0.389800	2. 0.483930	3. 0.442280	4. 0.394730	5. 0.646172	6. 0.753067	7. 0.557451	8. 0.413704	9. 0.546807	10. 0.678910	11. 0.661465	12. 0.582799	13. 0.596619	14. 0.619584	15. 0.664394	16. 0.627632	17. 0.528431	18. 0.443815	19. 0.450619	20. 0.503287	21. 0.341988	22. 0.249352	23. 0.625752	24. 0.917022	25. 0.865082	26. 0.469166	27. 0.361451	28. 0.682054	29. 0.690925	30. 0.540269	31. 0.329674	32. 0.301016	33. 0.599315	34. 0.824453	35. 0.761952	36. 0.626410	37. 0.596361	38. 0.531128	39. 0.698075	40. 0.838063	41. 0.688024	42. 0.788570	43. 1.057162	44. 1.104834	45. 1.237504	46. 1.108858	47. 0.896934	48. 0.742130	49. 0.477005	50. 0.454297	51. 1.134252	52. 1.195965	53. 0.772939	54. 0.445225	55. 0.945247	56. 1.527331	57. 1.514568	58. 0.773591	59. 0.380785	60. 0.586501	61. 0.756153	62. 0.785329	63. 0.714525	64. 0.417749	65. 0.737578	66. 0.831131	67. 0.993186	68. 0.912158	69. 0.534469	70. 0.389121	71. 0.747854	72. 1.020654	73. 0.861565	74. 0.406926	75. 0.440689	76. 1.087257	77. 1.173561	78. 0.733938	79. 0.503406	80. 0.424611	81. 0.571749	82. 0.788157	83. 0.749021	84. 0.575523	85. 0.374978	86. 0.505249	87. 0.751031	
Periodicity: 	4.7
1. 0.378595	2. 0.440572	3. 0.404590	4. 0.382211	5. 0.613159	6. 0.716003	7. 0.527777	8. 0.396927	9. 0.496249	10. 0.638493	11. 0.653581	12. 0.554552	13. 0.545938	14. 0.592312	15. 0.638084	16. 0.575185	17. 0.488263	18. 0.432056	19. 0.420495	20. 0.477479	21. 0.313948	22. 0.256410	23. 0.621061	24. 0.904870	25. 0.841490	26. 0.415466	27. 0.348913	28. 0.659252	29. 0.658956	30. 0.571451	31. 0.355788	32. 0.263330	33. 0.563656	34. 0.797498	35. 0.720074	36. 0.573898	37. 0.578293	38. 0.492488	39. 0.654806	40. 0.842736	41. 0.646887	42. 0.724880	43. 1.021547	44. 1.040828	45. 1.186581	46. 1.060512	47. 0.863068	48. 0.672178	49. 0.406969	50. 0.458079	51. 1.108916	52. 1.122151	53. 0.710278	54. 0.403988	55. 0.950384	56. 1.510979	57. 1.505573	58. 0.752668	59. 0.330812	60. 0.531321	61. 0.735510	62. 0.756029	63. 0.705940	64. 0.383226	65. 0.702089	66. 0.784257	67. 0.960836	68. 0.846513	69. 0.474178	70. 0.376288	71. 0.744050	72. 1.018469	73. 0.839320	74. 0.377246	75. 0.409615	76. 1.037658	77. 1.139302	78. 0.722269	79. 0.482073	80. 0.378479	81. 0.535250	82. 0.785208	83. 0.704741	84. 0.518505	85. 0.354906	86. 0.491218	87. 0.720953	
Periodicity: 	4.8
1. 0.363376	2. 0.392972	3. 0.358379	4. 0.357031	5. 0.568263	6. 0.666619	7. 0.487098	8. 0.366887	9. 0.435591	10. 0.585998	11. 0.629182	12. 0.514090	13. 0.484287	14. 0.549510	15. 0.595488	16. 0.510888	17. 0.437382	18. 0.408264	19. 0.383870	20. 0.445042	21. 0.283800	22. 0.262900	23. 0.605644	24. 0.874930	25. 0.801122	26. 0.355063	27. 0.324531	28. 0.624840	29. 0.618486	30. 0.591048	31. 0.385032	32. 0.238670	33. 0.515432	34. 0.753098	35. 0.664946	36. 0.508431	37. 0.542794	38. 0.443345	39. 0.599717	40. 0.827601	41. 0.596045	42. 0.645032	43. 0.959985	44. 0.954380	45. 1.110449	46. 0.989292	47. 0.809128	48. 0.588644	49. 0.328002	50. 0.452334	51. 1.063631	52. 1.030971	53. 0.630036	54. 0.367459	55. 0.947676	56. 1.473627	57. 1.469860	58. 0.717082	59. 0.269269	60. 0.465611	61. 0.700748	62. 0.712961	63. 0.681833	64. 0.340565	65. 0.650713	66. 0.720504	67. 0.907160	68. 0.763841	69. 0.400549	70. 0.358850	71. 0.727166	72. 1.000226	73. 0.808482	74. 0.349064	75. 0.371461	76. 0.975466	77. 1.088753	78. 0.694481	79. 0.447683	80. 0.323218	81. 0.488681	82. 0.762777	83. 0.646552	84. 0.451012	85. 0.324765	86. 0.468397	87. 0.680189	
Periodicity: 	4.9
1. 0.345872	2. 0.344216	3. 0.305819	4. 0.320989	5. 0.513397	6. 0.607132	7. 0.437749	8. 0.325691	9. 0.366819	10. 0.523628	11. 0.590510	12. 0.463638	13. 0.413962	14. 0.493527	15. 0.539048	16. 0.436942	17. 0.377968	18. 0.374706	19. 0.343070	20. 0.407812	21. 0.253920	22. 0.269783	23. 0.581268	24. 0.829548	25. 0.746672	26. 0.292775	27. 0.291476	28. 0.580903	29. 0.571055	30. 0.600253	31. 0.415838	32. 0.233824	33. 0.457558	34. 0.694362	35. 0.599565	36. 0.432929	37. 0.492455	38. 0.385448	39. 0.535103	40. 0.795478	41. 0.539473	42. 0.552844	43. 0.876428	44. 0.849453	45. 1.013276	46. 0.899569	47. 0.738859	48. 0.495232	49. 0.243448	50. 0.440008	51. 1.001355	52. 0.926066	53. 0.535152	54. 0.350352	55. 0.941691	56. 1.419206	57. 1.410932	58. 0.670004	59. 0.199792	60. 0.394119	61. 0.654846	62. 0.658581	63. 0.644406	64. 0.292322	65. 0.586261	66. 0.642978	67. 0.835569	68. 0.668206	69. 0.316090	70. 0.341260	71. 0.699534	72. 0.968189	73. 0.772590	74. 0.331164	75. 0.333558	76. 0.905431	77. 1.025335	78. 0.652713	79. 0.402600	80. 0.260744	81. 0.434882	82. 0.723460	83. 0.576810	84. 0.375038	85. 0.287373	86. 0.439245	87. 0.630813	
Periodicity: 	5.0
1. 0.328152	2. 0.298255	3. 0.249509	4. 0.275888	5. 0.450456	6. 0.539760	7. 0.382321	8. 0.275632	9. 0.291907	10. 0.453598	11. 0.539812	12. 0.405590	13. 0.337331	14. 0.426684	15. 0.471193	16. 0.355457	17. 0.312421	18. 0.333879	19. 0.300794	20. 0.367816	21. 0.227233	22. 0.277869	23. 0.549772	24. 0.771056	25. 0.680964	26. 0.236587	27. 0.254054	28. 0.529689	29. 0.518150	30. 0.600350	31. 0.447083	32. 0.250939	33. 0.393320	34. 0.624584	35. 0.527389	36. 0.350615	37. 0.429829	38. 0.320547	39. 0.463134	40. 0.749260	41. 0.482049	42. 0.452734	43. 0.774928	44. 0.730169	45. 0.899355	46. 0.795955	47. 0.656415	48. 0.396291	49. 0.158822	50. 0.424284	51. 0.925025	52. 0.810980	53. 0.429036	54. 0.366009	55. 0.936909	56. 1.351789	57. 1.332340	58. 0.614916	59. 0.129566	60. 0.323558	61. 0.601117	62. 0.595314	63. 0.595850	64. 0.241825	65. 0.511629	66. 0.554885	67. 0.749687	68. 0.564109	69. 0.223487	70. 0.328488	71. 0.663513	72. 0.924686	73. 0.735294	74. 0.332280	75. 0.306231	76. 0.832716	77. 0.952654	78. 0.599155	79. 0.349257	80. 0.193143	81. 0.377196	82. 0.669886	83. 0.497813	84. 0.292519	85. 0.246598	86. 0.406547	87. 0.574905	


Maximum Conservation moment value is 	1.617000.
It occurs in 1 co-ordinates of (starting position, periodicity).
Corresponding starting positions, number of residues per turn, and the angular spread per residue in radian and degrees are:
53	2.000000	3.141593	180.000000
The second maximum conservation moment value is 	1.577000.
It last occurs at position 55 along the sequence, with periodicities,  2.000000 residues per turn, 3.141593 radians per residue, and 180.000000 degrees per residue.
Maximum Variability moment value is 	0.010651.
It occurs in 1 co-ordinates of (starting position, periodicity).
Corresponding starting positions, number of residues per turn, and the angular spread per residue in radian and degrees are:
81	2.100000	2.991993	171.428571
The second maximum variability moment value is 	0.012000.
It last occurs at position 48 along the sequence, with periodicities,  2.000000 residues per turn, 3.141593 radians per residue, and 180.000000 degrees per residue.

Conservation at helical periodicities
1	0.405359
2	0.309844
3	0.153653
4	0.339420
5	0.328988
6	0.167372
7	0.242982
8	0.419024
9	0.299912
10	0.236706
11	0.395801
12	0.292753
13	0.167725
14	0.259966
15	0.322074
16	0.192997
17	0.314510
18	0.352064
19	0.114331
20	0.277117
21	0.347838
22	0.189315
23	0.098048
24	0.166585
25	0.079457
26	0.205195
27	0.385637
28	0.330023
29	0.299576
30	0.429654
31	0.577563
32	0.458269
33	0.142266
34	0.463185
35	0.326434
36	0.211358
37	0.464918
38	0.314840
39	0.191624
40	0.516359
41	0.373978
42	0.041750
43	0.480668
44	0.350393
45	0.140848
46	0.226699
47	0.397443
48	0.219460
49	0.329624
50	0.418490
51	0.414997
52	0.357879
53	0.611433
54	0.461629
55	0.112676
56	0.441698
57	0.575302
58	0.166643
59	0.138167
60	0.050066
61	0.087493
62	0.219840
63	0.314832
64	0.102179
65	0.246292
66	0.194882
67	0.254476
68	0.094029
69	0.164576
70	0.247370
71	0.281530
72	0.254023
73	0.111992
74	0.236433
75	0.328723
76	0.195212
77	0.380678
78	0.437567
79	0.310182
80	0.168448
81	0.274301
82	0.451895
83	0.201189
84	0.368526
85	0.453278
86	0.223542
87	0.197833

Conservation with beta-structures
1	0.358000
2	0.172000
3	0.321000
4	0.385000
5	0.403000
6	0.293000
7	0.433000
8	0.402000
9	0.299000
10	0.435000
11	0.352000
12	0.586000
13	0.152000
14	0.666000
15	0.249000
16	0.544000
17	0.216000
18	0.473000
19	0.227000
20	0.315000
21	0.163000
22	0.361000
23	0.331000
24	0.433000
25	0.491000
26	0.258000
27	0.561000
28	0.163000
29	0.394000
30	0.344000
31	0.261000
32	0.214000
33	0.506000
34	0.338000
35	0.583000
36	0.432000
37	0.317000
38	0.585000
39	0.245000
40	0.615000
41	0.429000
42	0.659000
43	0.570000
44	0.803000
45	0.800000
46	0.478000
47	1.033000
48	0.012000
49	0.811000
50	0.025000
51	1.242000
52	0.392000
53	1.617000
54	0.492000
55	1.577000
56	0.068000
57	1.293000
58	0.095000
59	0.969000
60	0.236000
61	1.014000
62	0.058000
63	0.617000
64	0.330000
65	0.566000
66	0.229000
67	1.159000
68	0.191000
69	1.075000
70	0.166000
71	0.919000
72	0.064000
73	0.816000
74	0.063000
75	0.959000
76	0.079000
77	0.692000
78	0.666000
79	0.139000
80	0.621000
81	0.077000
82	0.794000
83	0.140000
84	0.636000
85	0.071000
86	0.703000
87	0.036000
